生成启动时间为 2018/10/9 23:03:41。
     1>项目“E:\Mydesigns\GitHub\OpenCV\LearnOpenCV\Project\LearnOpenCV\LearnOpenCV\LearnOpenCV.vcxproj”在节点 2 上(Build 个目标)。
     1>ClCompile:
         D:\Program Files (x86)\Microsoft Visual Studio 12.0\VC\bin\x86_amd64\CL.exe /c /Zi /nologo /W3 /WX- /Od /D WIN32 /D _DEBUG /D _CONSOLE /D _LIB /D _UNICODE /D UNICODE /Gm /EHsc /RTC1 /MDd /GS /fp:precise /Zc:wchar_t /Zc:forScope /Fo"x64\Debug\\" /Fd"x64\Debug\vc120.pdb" /Gd /TP /errorReport:prompt main.cpp test_XML2.cpp
         test_XML2.cpp
     1>E:\Mydesigns\GitHub\OpenCV\LearnOpenCV\inc\iconv.h : warning C4819: 该文件包含不能在当前代码页(936)中表示的字符。请将该文件保存为 Unicode 格式以防止数据丢失
         main.cpp
         正在生成代码...
       Link:
         D:\Program Files (x86)\Microsoft Visual Studio 12.0\VC\bin\x86_amd64\link.exe /ERRORREPORT:PROMPT /OUT:"E:\Mydesigns\GitHub\OpenCV\LearnOpenCV\Project\LearnOpenCV\x64\Debug\LearnOpenCV.exe" /INCREMENTAL /NOLOGO opencv_aruco320d.lib opencv_bgsegm320d.lib opencv_bioinspired320d.lib opencv_calib3d320d.lib opencv_ccalib320d.lib opencv_core320d.lib libxml2.lib opencv_datasets320d.lib opencv_dnn320d.lib opencv_dpm320d.lib opencv_face320d.lib opencv_features2d320d.lib opencv_flann320d.lib opencv_fuzzy320d.lib opencv_highgui320d.lib opencv_imgcodecs320d.lib opencv_imgproc320d.lib opencv_line_descriptor320d.lib opencv_ml320d.lib opencv_objdetect320d.lib opencv_optflow320d.lib opencv_phase_unwrapping320d.lib opencv_photo320d.lib opencv_plot320d.lib opencv_reg320d.lib opencv_rgbd320d.lib opencv_saliency320d.lib opencv_shape320d.lib opencv_stereo320d.lib opencv_stitching320d.lib opencv_structured_light320d.lib opencv_superres320d.lib opencv_surface_matching320d.lib opencv_text320d.lib opencv_tracking320d.lib opencv_video320d.lib opencv_videoio320d.lib opencv_videostab320d.lib opencv_xfeatures2d320d.lib opencv_ximgproc320d.lib opencv_xobjdetect320d.lib opencv_xphoto320d.lib kernel32.lib user32.lib gdi32.lib winspool.lib comdlg32.lib advapi32.lib shell32.lib ole32.lib oleaut32.lib uuid.lib odbc32.lib odbccp32.lib /MANIFEST /MANIFESTUAC:"level='asInvoker' uiAccess='false'" /manifest:embed /DEBUG /PDB:"E:\Mydesigns\GitHub\OpenCV\LearnOpenCV\Project\LearnOpenCV\x64\Debug\LearnOpenCV.pdb" /SUBSYSTEM:CONSOLE /TLBID:1 /DYNAMICBASE /NXCOMPAT /IMPLIB:"E:\Mydesigns\GitHub\OpenCV\LearnOpenCV\Project\LearnOpenCV\x64\Debug\LearnOpenCV.lib" /MACHINE:X64 x64\Debug\main.obj
         "x64\Debug\ocv01-01.obj"
         x64\Debug\template.obj
         x64\Debug\test_XML2.obj
         LearnOpenCV.vcxproj -> E:\Mydesigns\GitHub\OpenCV\LearnOpenCV\Project\LearnOpenCV\x64\Debug\LearnOpenCV.exe
       PostBuildEvent:
         copy "E:\Mydesigns\GitHub\OpenCV\LearnOpenCV\Project\LearnOpenCV\..\..\bin\*.dll" "E:\Mydesigns\GitHub\OpenCV\LearnOpenCV\Project\LearnOpenCV\x64\Debug\"
         :VCEnd
         E:\Mydesigns\GitHub\OpenCV\LearnOpenCV\Project\LearnOpenCV\..\..\bin\iconv.dll
         E:\Mydesigns\GitHub\OpenCV\LearnOpenCV\Project\LearnOpenCV\..\..\bin\libxml2.dll
         E:\Mydesigns\GitHub\OpenCV\LearnOpenCV\Project\LearnOpenCV\..\..\bin\opencv_aruco320d.dll
         E:\Mydesigns\GitHub\OpenCV\LearnOpenCV\Project\LearnOpenCV\..\..\bin\opencv_bgsegm320d.dll
         E:\Mydesigns\GitHub\OpenCV\LearnOpenCV\Project\LearnOpenCV\..\..\bin\opencv_bioinspired320d.dll
         E:\Mydesigns\GitHub\OpenCV\LearnOpenCV\Project\LearnOpenCV\..\..\bin\opencv_calib3d320d.dll
         E:\Mydesigns\GitHub\OpenCV\LearnOpenCV\Project\LearnOpenCV\..\..\bin\opencv_ccalib320d.dll
         E:\Mydesigns\GitHub\OpenCV\LearnOpenCV\Project\LearnOpenCV\..\..\bin\opencv_core320d.dll
         E:\Mydesigns\GitHub\OpenCV\LearnOpenCV\Project\LearnOpenCV\..\..\bin\opencv_datasets320d.dll
         E:\Mydesigns\GitHub\OpenCV\LearnOpenCV\Project\LearnOpenCV\..\..\bin\opencv_dnn320d.dll
         E:\Mydesigns\GitHub\OpenCV\LearnOpenCV\Project\LearnOpenCV\..\..\bin\opencv_dpm320d.dll
         E:\Mydesigns\GitHub\OpenCV\LearnOpenCV\Project\LearnOpenCV\..\..\bin\opencv_face320d.dll
         E:\Mydesigns\GitHub\OpenCV\LearnOpenCV\Project\LearnOpenCV\..\..\bin\opencv_features2d320d.dll
         E:\Mydesigns\GitHub\OpenCV\LearnOpenCV\Project\LearnOpenCV\..\..\bin\opencv_ffmpeg320_64.dll
         E:\Mydesigns\GitHub\OpenCV\LearnOpenCV\Project\LearnOpenCV\..\..\bin\opencv_flann320d.dll
         E:\Mydesigns\GitHub\OpenCV\LearnOpenCV\Project\LearnOpenCV\..\..\bin\opencv_fuzzy320d.dll
         E:\Mydesigns\GitHub\OpenCV\LearnOpenCV\Project\LearnOpenCV\..\..\bin\opencv_highgui320d.dll
         E:\Mydesigns\GitHub\OpenCV\LearnOpenCV\Project\LearnOpenCV\..\..\bin\opencv_imgcodecs320d.dll
         E:\Mydesigns\GitHub\OpenCV\LearnOpenCV\Project\LearnOpenCV\..\..\bin\opencv_imgproc320d.dll
         E:\Mydesigns\GitHub\OpenCV\LearnOpenCV\Project\LearnOpenCV\..\..\bin\opencv_line_descriptor320d.dll
         E:\Mydesigns\GitHub\OpenCV\LearnOpenCV\Project\LearnOpenCV\..\..\bin\opencv_ml320d.dll
         E:\Mydesigns\GitHub\OpenCV\LearnOpenCV\Project\LearnOpenCV\..\..\bin\opencv_objdetect320d.dll
         E:\Mydesigns\GitHub\OpenCV\LearnOpenCV\Project\LearnOpenCV\..\..\bin\opencv_optflow320d.dll
         E:\Mydesigns\GitHub\OpenCV\LearnOpenCV\Project\LearnOpenCV\..\..\bin\opencv_phase_unwrapping320d.dll
         E:\Mydesigns\GitHub\OpenCV\LearnOpenCV\Project\LearnOpenCV\..\..\bin\opencv_photo320d.dll
         E:\Mydesigns\GitHub\OpenCV\LearnOpenCV\Project\LearnOpenCV\..\..\bin\opencv_plot320d.dll
         E:\Mydesigns\GitHub\OpenCV\LearnOpenCV\Project\LearnOpenCV\..\..\bin\opencv_reg320d.dll
         E:\Mydesigns\GitHub\OpenCV\LearnOpenCV\Project\LearnOpenCV\..\..\bin\opencv_rgbd320d.dll
         E:\Mydesigns\GitHub\OpenCV\LearnOpenCV\Project\LearnOpenCV\..\..\bin\opencv_saliency320d.dll
         E:\Mydesigns\GitHub\OpenCV\LearnOpenCV\Project\LearnOpenCV\..\..\bin\opencv_shape320d.dll
         E:\Mydesigns\GitHub\OpenCV\LearnOpenCV\Project\LearnOpenCV\..\..\bin\opencv_stereo320d.dll
         E:\Mydesigns\GitHub\OpenCV\LearnOpenCV\Project\LearnOpenCV\..\..\bin\opencv_stitching320d.dll
         E:\Mydesigns\GitHub\OpenCV\LearnOpenCV\Project\LearnOpenCV\..\..\bin\opencv_structured_light320d.dll
         E:\Mydesigns\GitHub\OpenCV\LearnOpenCV\Project\LearnOpenCV\..\..\bin\opencv_superres320d.dll
         E:\Mydesigns\GitHub\OpenCV\LearnOpenCV\Project\LearnOpenCV\..\..\bin\opencv_surface_matching320d.dll
         E:\Mydesigns\GitHub\OpenCV\LearnOpenCV\Project\LearnOpenCV\..\..\bin\opencv_text320d.dll
         E:\Mydesigns\GitHub\OpenCV\LearnOpenCV\Project\LearnOpenCV\..\..\bin\opencv_tracking320d.dll
         E:\Mydesigns\GitHub\OpenCV\LearnOpenCV\Project\LearnOpenCV\..\..\bin\opencv_video320d.dll
         E:\Mydesigns\GitHub\OpenCV\LearnOpenCV\Project\LearnOpenCV\..\..\bin\opencv_videoio320d.dll
         E:\Mydesigns\GitHub\OpenCV\LearnOpenCV\Project\LearnOpenCV\..\..\bin\opencv_videostab320d.dll
         E:\Mydesigns\GitHub\OpenCV\LearnOpenCV\Project\LearnOpenCV\..\..\bin\opencv_xfeatures2d320d.dll
         E:\Mydesigns\GitHub\OpenCV\LearnOpenCV\Project\LearnOpenCV\..\..\bin\opencv_ximgproc320d.dll
         E:\Mydesigns\GitHub\OpenCV\LearnOpenCV\Project\LearnOpenCV\..\..\bin\opencv_xobjdetect320d.dll
         E:\Mydesigns\GitHub\OpenCV\LearnOpenCV\Project\LearnOpenCV\..\..\bin\opencv_xphoto320d.dll
         已复制        44 个文件。
     1>已完成生成项目“E:\Mydesigns\GitHub\OpenCV\LearnOpenCV\Project\LearnOpenCV\LearnOpenCV\LearnOpenCV.vcxproj”(Build 个目标)的操作。

生成成功。

已用时间 00:00:03.90
